This is pdfTeX, Version 3.14159265-2.6-1.40.16 (MiKTeX 2.9) (preloaded format=pdflatex 2016.1.25)  26 JAN 2016 00:05
entering extended mode
**./EvanStoll_Resume_1-26-2016.tex
(EvanStoll_Resume_1-26-2016.tex
LaTeX2e <2015/10/01> patch level 2
Babel <3.9n> and hyphenation patterns for 69 languages loaded.
("C:\Program Files (x86)\MiKTeX 2.9\tex\latex\resume\res.cls"
Document Style `res' <26 Sep 89>.
Document Class: res 2000/05/19 v1.4b Resume class
("C:\Program Files (x86)\MiKTeX 2.9\tex\latex\base\article.cls"
Document Class: article 2014/09/29 v1.4h Standard LaTeX document class
("C:\Program Files (x86)\MiKTeX 2.9\tex\latex\base\size10.clo"
File: size10.clo 2014/09/29 v1.4h Standard LaTeX file (size option)
)
\c@part=\count79
\c@section=\count80
\c@subsection=\count81
\c@subsubsection=\count82
\c@paragraph=\count83
\c@subparagraph=\count84
\c@figure=\count85
\c@table=\count86
\abovecaptionskip=\skip41
\belowcaptionskip=\skip42
\bibindent=\dimen102
)
No auxiliary output files.

\tabular@text=\toks14
\tabular@head=\toks15
\tabular@tail=\toks16
\@ta=\toks17
\undefined@token=\toks18
\sectionwidth=\dimen103
\sectionskip=\skip43
\resumewidth=\dimen104
\@columnwidth=\dimen105
\c@numberofcolumns=\count87
)
No file EvanStoll_Resume_1-26-2016.aux.
LaTeX Font Info:    Checking defaults for OML/cmm/m/it on input line 9.
LaTeX Font Info:    ... okay on input line 9.
LaTeX Font Info:    Checking defaults for T1/cmr/m/n on input line 9.
LaTeX Font Info:    ... okay on input line 9.
LaTeX Font Info:    Checking defaults for OT1/cmr/m/n on input line 9.
LaTeX Font Info:    ... okay on input line 9.
LaTeX Font Info:    Checking defaults for OMS/cmsy/m/n on input line 9.
LaTeX Font Info:    ... okay on input line 9.
LaTeX Font Info:    Checking defaults for OMX/cmex/m/n on input line 9.
LaTeX Font Info:    ... okay on input line 9.
LaTeX Font Info:    Checking defaults for U/cmr/m/n on input line 9.
LaTeX Font Info:    ... okay on input line 9.
LaTeX Font Info:    External font `cmex10' loaded for size
(Font)              <7> on input line 17.
LaTeX Font Info:    External font `cmex10' loaded for size
(Font)              <5> on input line 17.
[1
\newlabel{key}{{}{1}}

{C:/Users/B/AppData/Local/MiKTeX/2.9/pdftex/config/pdftex.map}] ) 
Here is how much of TeX's memory you used:
 288 strings out of 493634
 3262 string characters out of 3141326
 57914 words of memory out of 3000000
 3756 multiletter control sequences out of 15000+200000
 4553 words of font info for 17 fonts, out of 3000000 for 9000
 1025 hyphenation exceptions out of 8191
 29i,8n,19p,207b,181s stack positions out of 5000i,500n,10000p,200000b,50000s
<C:/Program Fi
les (x86)/MiKTeX 2.9/fonts/type1/public/amsfonts/cm/cmbx10.pfb><C:/Program File
s (x86)/MiKTeX 2.9/fonts/type1/public/amsfonts/cm/cmbx12.pfb><C:/Program Files 
(x86)/MiKTeX 2.9/fonts/type1/public/amsfonts/cm/cmr10.pfb>
Output written on EvanStoll_Resume_1-26-2016.pdf (1 page, 53109 bytes).
PDF statistics:
 18 PDF objects out of 1000 (max. 8388607)
 0 named destinations out of 1000 (max. 500000)
 1 words of extra memory for PDF output out of 10000 (max. 10000000)

